This is pdfTeX, Version 3.14159265-2.6-1.40.19 (TeX Live 2018) (preloaded format=pdflatex 2018.5.5)  29 SEP 2018 13:19
entering extended mode
 restricted \write18 enabled.
 %&-line parsing enabled.
**cover.tex
(./cover.tex
LaTeX2e <2018-04-01> patch level 3
Babel <3.20> and hyphenation patterns for 84 language(s) loaded.
! Undefined control sequence.
l.5 \section
            {极客强人台挑战赛项目方案}
The control sequence at the end of the top line
of your error message was never \def'ed. If you have
misspelled it (e.g., `\hobx'), type `I' and the correct
spelling (e.g., `I\hbox'). Otherwise just continue,
and I'll forget about whatever was undefined.


! Package inputenc Error: Unicode character 极 (U+6781)
(inputenc)                not set up for use with LaTeX.

See the inputenc package documentation for explanation.
Type  H <return>  for immediate help.
 ...                                              
                                                  
l.5 \section{极
                客强人台挑战赛项目方案}
You may provide a definition with
\DeclareUnicodeCharacter 


! Package inputenc Error: Unicode character 客 (U+5BA2)
(inputenc)                not set up for use with LaTeX.

See the inputenc package documentation for explanation.
Type  H <return>  for immediate help.
 ...                                              
                                                  
l.5 \section{极客
                   强人台挑战赛项目方案}
You may provide a definition with
\DeclareUnicodeCharacter 


! Package inputenc Error: Unicode character 强 (U+5F3A)
(inputenc)                not set up for use with LaTeX.

See the inputenc package documentation for explanation.
Type  H <return>  for immediate help.
 ...                                              
                                                  
l.5 \section{极客强
                      人台挑战赛项目方案}
You may provide a definition with
\DeclareUnicodeCharacter 


! Package inputenc Error: Unicode character 人 (U+4EBA)
(inputenc)                not set up for use with LaTeX.

See the inputenc package documentation for explanation.
Type  H <return>  for immediate help.
 ...                                              
                                                  
l.5 \section{极客强人
                         台挑战赛项目方案}
You may provide a definition with
\DeclareUnicodeCharacter 


! Package inputenc Error: Unicode character 台 (U+53F0)
(inputenc)                not set up for use with LaTeX.

See the inputenc package documentation for explanation.
Type  H <return>  for immediate help.
 ...                                              
                                                  
l.5 \section{极客强人台
                            挑战赛项目方案}
You may provide a definition with
\DeclareUnicodeCharacter 


! Package inputenc Error: Unicode character 挑 (U+6311)
(inputenc)                not set up for use with LaTeX.

See the inputenc package documentation for explanation.
Type  H <return>  for immediate help.
 ...                                              
                                                  
l.5 \section{极客强人台挑
                               战赛项目方案}
You may provide a definition with
\DeclareUnicodeCharacter 


! Package inputenc Error: Unicode character 战 (U+6218)
(inputenc)                not set up for use with LaTeX.

See the inputenc package documentation for explanation.
Type  H <return>  for immediate help.
 ...                                              
                                                  
l.5 \section{极客强人台挑战
                                  赛项目方案}
You may provide a definition with
\DeclareUnicodeCharacter 


! Package inputenc Error: Unicode character 赛 (U+8D5B)
(inputenc)                not set up for use with LaTeX.

See the inputenc package documentation for explanation.
Type  H <return>  for immediate help.
 ...                                              
                                                  
l.5 \section{极客强人台挑战赛
                                     项目方案}
You may provide a definition with
\DeclareUnicodeCharacter 


! Package inputenc Error: Unicode character 项 (U+9879)
(inputenc)                not set up for use with LaTeX.

See the inputenc package documentation for explanation.
Type  H <return>  for immediate help.
 ...                                              
                                                  
l.5 \section{极客强人台挑战赛项
                                        目方案}
You may provide a definition with
\DeclareUnicodeCharacter 


! Package inputenc Error: Unicode character 目 (U+76EE)
(inputenc)                not set up for use with LaTeX.

See the inputenc package documentation for explanation.
Type  H <return>  for immediate help.
 ...                                              
                                                  
l.5 \section{极客强人台挑战赛项目
                                           方案}
You may provide a definition with
\DeclareUnicodeCharacter 


! Package inputenc Error: Unicode character 方 (U+65B9)
(inputenc)                not set up for use with LaTeX.

See the inputenc package documentation for explanation.
Type  H <return>  for immediate help.
 ...                                              
                                                  
l.5 \section{极客强人台挑战赛项目方
                                              案}
You may provide a definition with
\DeclareUnicodeCharacter 


! Package inputenc Error: Unicode character 案 (U+6848)
(inputenc)                not set up for use with LaTeX.

See the inputenc package documentation for explanation.
Type  H <return>  for immediate help.
 ...                                              
                                                  
l.5 \section{极客强人台挑战赛项目方案
                                                 }
You may provide a definition with
\DeclareUnicodeCharacter 


! LaTeX Error: The font size command \normalsize is not defined:
               there is probably something wrong with the class file.

See the LaTeX manual or LaTeX Companion for explanation.
Type  H <return>  for immediate help.
 ...                                              
                                                  
l.6 \clearpage
              
Your command was ignored.
Type  I <command> <return>  to replace it with another command,
or  <return>  to continue without it.

[1])
! Emergency stop.
<*> cover.tex
             
*** (job aborted, no legal \end found)

 
Here is how much of TeX's memory you used:
 19 strings out of 492649
 204 string characters out of 6129623
 56454 words of memory out of 5000000
 4001 multiletter control sequences out of 15000+600000
 3640 words of font info for 14 fonts, out of 8000000 for 9000
 1141 hyphenation exceptions out of 8191
 20i,4n,14p,65b,115s stack positions out of 5000i,500n,10000p,200000b,80000s
!  ==> Fatal error occurred, no output PDF file produced!
