mktexpk --mfmode / --bdpi 600 --mag 1+240/600 --dpi 840 unihei5f
mktexpk --mfmode / --bdpi 600 --mag 1+240/600 --dpi 840 unihei5f
mktexpk --mfmode / --bdpi 600 --mag 1+240/600 --dpi 840 unihei5f
mktexpk --mfmode / --bdpi 600 --mag 1+240/600 --dpi 840 unihei5f
mktexpk --mfmode / --bdpi 600 --mag 1+240/600 --dpi 840 unihei5f
mktexpk --mfmode / --bdpi 600 --mag 1+240/600 --dpi 840 unihei5f
mktexpk --mfmode / --bdpi 600 --mag 1+240/600 --dpi 840 unihei5f
mktexpk --mfmode / --bdpi 600 --mag 0+480/600 --dpi 480 cyberb7e
mktexpk --mfmode / --bdpi 600 --mag 1+240/600 --dpi 840 unihei5f
mktexpk --mfmode / --bdpi 600 --mag 0+480/600 --dpi 480 cyberb7e
mktexpk --mfmode / --bdpi 600 --mag 1+437/600 --dpi 1037 gbk17
mktexpk --mfmode / --bdpi 600 --mag 1+120/600 --dpi 720 gbk02
mktexpk --mfmode / --bdpi 600 --mag 1+120/600 --dpi 720 gbk02
mktexpk --mfmode / --bdpi 600 --mag 1+120/600 --dpi 720 gbk02
mktexpk --mfmode / --bdpi 600 --mag 1+120/600 --dpi 720 gbk02
mktexpk --mfmode / --bdpi 600 --mag 1+120/600 --dpi 720 gbk02
mktexpk --mfmode / --bdpi 600 --mag 1+120/600 --dpi 720 gbk02
mktexpk --mfmode / --bdpi 600 --mag 1+120/600 --dpi 720 gbk02
mktexpk --mfmode / --bdpi 600 --mag 1+120/600 --dpi 720 gbk02
mktexpk --mfmode / --bdpi 600 --mag 1+120/600 --dpi 720 gbk54
mktextfm SimSun
mktextfm SimSun
mktextfm SimSun
mktextfm SimSun/BI
mktextfm SimSun
mktextfm SimSun/B
mktextfm SimSun
mktextfm SimSun/I
mktextfm SimSun
mktextfm SimSun
mktextfm SimSun
mktextfm SimSun
mktextfm SimSun
mktextfm SimSun
mktextfm SimSun
mktextfm SimSun
mktextfm SimSun
mktextfm SimSun
mktextfm SimSun/BI
mktextfm SimSun
mktextfm SimSun/B
mktextfm SimSun
mktextfm SimSun/I
mktextfm SimSun
mktextfm SimSun
mktextfm SimSun
mktextfm SimSun
mktextfm SimSun
mktextfm SimSun
mktextfm SimSun
mktextfm SimSun
mktextfm SimSun
mktextfm SimSun
mktextfm SimSun/BI
mktextfm SimSun
mktextfm SimSun/B
mktextfm SimSun
mktextfm SimSun/I
mktextfm SimSun
mktextfm SimSun
mktextfm SimSun
mktextfm SimSun
mktextfm SimSun
mktextfm SimSun
mktextfm SimSun
mktextfm SimSun
mktextfm SimSun
mktextfm SimSun
mktextfm SimSun/BI
mktextfm SimSun
mktextfm SimSun/B
mktextfm SimSun
mktextfm SimSun/I
mktextfm SimSun
mktextfm SimSun
mktextfm SimSun
mktextfm SimSun
mktextfm SimSun
mktextfm SimSun
mktextfm SimSun
mktexpk --mfmode / --bdpi 600 --mag 0+480/600 --dpi 480 cyberb7e
mktexpk --mfmode / --bdpi 600 --mag 0+480/600 --dpi 480 cyberb7e
mktexpk --mfmode / --bdpi 600 --mag 0+480/600 --dpi 480 cyberb7e
mktexpk --mfmode / --bdpi 600 --mag 0+480/600 --dpi 480 cyberb7e
mktexpk --mfmode / --bdpi 600 --mag 1+240/600 --dpi 840 gbkhei76
mktexpk --mfmode / --bdpi 600 --mag 1+240/600 --dpi 840 gbkhei76
mktexpk --mfmode / --bdpi 600 --mag 1+240/600 --dpi 840 gbkhei76
mktexpk --mfmode / --bdpi 600 --mag 1+240/600 --dpi 840 gbkhei76
mktexpk --mfmode / --bdpi 600 --mag 1+240/600 --dpi 840 gbkhei76
mktexpk --mfmode / --bdpi 600 --mag 1+240/600 --dpi 840 gbkhei76
mktexpk --mfmode / --bdpi 600 --mag 1+240/600 --dpi 840 gbkhei76
mktexpk --mfmode / --bdpi 600 --mag 1+264/600 --dpi 864 gbk76
mktexpk --mfmode / --bdpi 600 --mag 1+243/600 --dpi 843 cyberb95
mktexpk --mfmode / --bdpi 600 --mag 1+243/600 --dpi 843 cyberb95
